[2021-05-07T16:00:00.806] [INFO] infoLogger - 
==================== 接口请求开始 439 ====================
[请求日志信息开始]
  [requestStartTime]: 800577608208000,
  [requestOriginalUrl]: /pc/users/info/self,
  [requestIP]: ::1,
  [requestUserInfo]: {"id":"93bc3561-7b01-47a9-8970-0403764f2901","phone":"15820290007","openid":null,"terminal":"PC","delayTime":null,"userAgent":"PostmanRuntime/7.26.8","iat":1620360380,"exp":1620446780},
  [requestAPI]: /pc/users/info/self,
  [requestMethod]: GET,
  [requestParameters]: {"body":{},"query":{},"path":{},"header":{"authorization":"Basic ZXlKaGJHY2lPaUpJVXpJMU5pSXNJblI1Y0NJNklrcFhWQ0o5LmV5SnBaQ0k2SWprelltTXpOVFl4TFRkaU1ERXRORGRoT1MwNE9UY3dMVEEwTURNM05qUm1Namt3TVNJc0luQm9iMjVsSWpvaU1UVTRNakF5T1RBd01EY2lMQ0p2Y0dWdWFXUWlPbTUxYkd3c0luUmxjbTFwYm1Gc0lqb2lVRU1pTENKa1pXeGhlVlJwYldVaU9tNTFiR3dzSW5WelpYSkJaMlZ1ZENJNklsQnZjM1J0WVc1U2RXNTBhVzFsTHpjdU1qWXVPQ0lzSW1saGRDSTZNVFl5TURNMk1ETTRNQ3dpWlhod0lqb3hOakl3TkRRMk56Z3dmUS5VblRRbFhoNERqVXR4OWoxOTlvWHozemtrMzBQbUIyaEVsQ3c5VG5WcjRrOg==","user-agent":"PostmanRuntime/7.26.8","accept":"*/*","postman-token":"5a67eae7-1ad1-43c9-919b-074f005f2995","host":"localhost:3000","accept-encoding":"gzip, deflate, br","connection":"keep-alive"}}
[请求日志信息结束]

[2021-05-07T16:00:00.807] [INFO] infoLogger - 
[查询数据库日志信息开始]
  [SQL]: SELECT * FROM users_info WHERE id = ?
  [SQLData]: 93bc3561-7b01-47a9-8970-0403764f2901
[查询数据库日志信息结束]

[2021-05-07T16:00:00.827] [INFO] infoLogger - 
[查询数据库日志信息开始]
  [SQL]: SELECT * FROM files_info WHERE id = ?
  [SQLData]: 8397949b-83fa-4446-82ef-e09f2a3999be
[查询数据库日志信息结束]

[2021-05-07T16:00:00.862] [INFO] infoLogger - 
[响应日志信息开始]
  [responseEndTime]: 800577664327300
  [responseTotalTime]: 56.1193毫秒
  [responseData]: {"code":200,"message":"操作成功","data":{"id":"93bc3561-7b01-47a9-8970-0403764f2901","userName":"小小","phone":"15820290007","sex":0,"birthday":null,"address":null,"professional":null,"headImg":{"id":"8397949b-83fa-4446-82ef-e09f2a3999be","fileName":"timg.jpg","fileSize":12173,"createTime":"2021-03-08 14:41:37","suffix":"jpg","filePath":"http://localhost:3000/files/55268270-7fd9-11eb-ad4e-530e657b08cb.jpg?vt=uzpG+/KA+6h2IYa6YM3M5g==&si=Xq5EgjVDiOtLIc5GhjooVPHTAbtEoXyfbL2E/9EWrt9LIZQivr0TCXi16TDIQnDa"},"openid":"oZ9dO5Pi46v3m0AJj6vGXxwPmqsQ","updateTime":"2021-03-10 11:15:35","createTime":"2021-03-08 09:49:49"},"total":0}
[响应日志信息结束]
******************** 接口响应结束 439 ********************

[2021-05-07T16:00:01.576] [INFO] infoLogger - 
==================== 接口请求开始 440 ====================
[请求日志信息开始]
  [requestStartTime]: 800578378997500,
  [requestOriginalUrl]: /pc/users/info/self,
  [requestIP]: ::1,
  [requestUserInfo]: {"id":"93bc3561-7b01-47a9-8970-0403764f2901","phone":"15820290007","openid":null,"terminal":"PC","delayTime":null,"userAgent":"PostmanRuntime/7.26.8","iat":1620360380,"exp":1620446780},
  [requestAPI]: /pc/users/info/self,
  [requestMethod]: GET,
  [requestParameters]: {"body":{},"query":{},"path":{},"header":{"authorization":"Basic ZXlKaGJHY2lPaUpJVXpJMU5pSXNJblI1Y0NJNklrcFhWQ0o5LmV5SnBaQ0k2SWprelltTXpOVFl4TFRkaU1ERXRORGRoT1MwNE9UY3dMVEEwTURNM05qUm1Namt3TVNJc0luQm9iMjVsSWpvaU1UVTRNakF5T1RBd01EY2lMQ0p2Y0dWdWFXUWlPbTUxYkd3c0luUmxjbTFwYm1Gc0lqb2lVRU1pTENKa1pXeGhlVlJwYldVaU9tNTFiR3dzSW5WelpYSkJaMlZ1ZENJNklsQnZjM1J0WVc1U2RXNTBhVzFsTHpjdU1qWXVPQ0lzSW1saGRDSTZNVFl5TURNMk1ETTRNQ3dpWlhod0lqb3hOakl3TkRRMk56Z3dmUS5VblRRbFhoNERqVXR4OWoxOTlvWHozemtrMzBQbUIyaEVsQ3c5VG5WcjRrOg==","user-agent":"PostmanRuntime/7.26.8","accept":"*/*","postman-token":"8de204e8-28f7-4a19-9ba4-645d92736975","host":"localhost:3000","accept-encoding":"gzip, deflate, br","connection":"keep-alive"}}
[请求日志信息结束]

[2021-05-07T16:00:01.576] [INFO] infoLogger - 
[查询数据库日志信息开始]
  [SQL]: SELECT * FROM users_info WHERE id = ?
  [SQLData]: 93bc3561-7b01-47a9-8970-0403764f2901
[查询数据库日志信息结束]

[2021-05-07T16:00:01.592] [INFO] infoLogger - 
[查询数据库日志信息开始]
  [SQL]: SELECT * FROM files_info WHERE id = ?
  [SQLData]: 8397949b-83fa-4446-82ef-e09f2a3999be
[查询数据库日志信息结束]

[2021-05-07T16:00:01.883] [INFO] infoLogger - 
[响应日志信息开始]
  [responseEndTime]: 800578685259800
  [responseTotalTime]: 306.2623毫秒
  [responseData]: {"code":200,"message":"操作成功","data":{"id":"93bc3561-7b01-47a9-8970-0403764f2901","userName":"小小","phone":"15820290007","sex":0,"birthday":null,"address":null,"professional":null,"headImg":{"id":"8397949b-83fa-4446-82ef-e09f2a3999be","fileName":"timg.jpg","fileSize":12173,"createTime":"2021-03-08 14:41:37","suffix":"jpg","filePath":"http://localhost:3000/files/55268270-7fd9-11eb-ad4e-530e657b08cb.jpg?vt=CR5Em1ZTwD5YpI4EmQAhPA==&si=Xq5EgjVDiOtLIc5GhjooVPHTAbtEoXyfbL2E/9EWrt9LIZQivr0TCXi16TDIQnDa"},"openid":"oZ9dO5Pi46v3m0AJj6vGXxwPmqsQ","updateTime":"2021-03-10 11:15:35","createTime":"2021-03-08 09:49:49"},"total":0}
[响应日志信息结束]
******************** 接口响应结束 440 ********************

[2021-05-07T16:00:02.427] [INFO] infoLogger - 
==================== 接口请求开始 441 ====================
[请求日志信息开始]
  [requestStartTime]: 800579229045300,
  [requestOriginalUrl]: /pc/users/info/self,
  [requestIP]: ::1,
  [requestUserInfo]: {"id":"93bc3561-7b01-47a9-8970-0403764f2901","phone":"15820290007","openid":null,"terminal":"PC","delayTime":null,"userAgent":"PostmanRuntime/7.26.8","iat":1620360380,"exp":1620446780},
  [requestAPI]: /pc/users/info/self,
  [requestMethod]: GET,
  [requestParameters]: {"body":{},"query":{},"path":{},"header":{"authorization":"Basic ZXlKaGJHY2lPaUpJVXpJMU5pSXNJblI1Y0NJNklrcFhWQ0o5LmV5SnBaQ0k2SWprelltTXpOVFl4TFRkaU1ERXRORGRoT1MwNE9UY3dMVEEwTURNM05qUm1Namt3TVNJc0luQm9iMjVsSWpvaU1UVTRNakF5T1RBd01EY2lMQ0p2Y0dWdWFXUWlPbTUxYkd3c0luUmxjbTFwYm1Gc0lqb2lVRU1pTENKa1pXeGhlVlJwYldVaU9tNTFiR3dzSW5WelpYSkJaMlZ1ZENJNklsQnZjM1J0WVc1U2RXNTBhVzFsTHpjdU1qWXVPQ0lzSW1saGRDSTZNVFl5TURNMk1ETTRNQ3dpWlhod0lqb3hOakl3TkRRMk56Z3dmUS5VblRRbFhoNERqVXR4OWoxOTlvWHozemtrMzBQbUIyaEVsQ3c5VG5WcjRrOg==","user-agent":"PostmanRuntime/7.26.8","accept":"*/*","postman-token":"eacdf62a-49e8-4a96-970d-9d5fe77eead7","host":"localhost:3000","accept-encoding":"gzip, deflate, br","connection":"keep-alive"}}
[请求日志信息结束]

[2021-05-07T16:00:02.427] [INFO] infoLogger - 
[查询数据库日志信息开始]
  [SQL]: SELECT * FROM users_info WHERE id = ?
  [SQLData]: 93bc3561-7b01-47a9-8970-0403764f2901
[查询数据库日志信息结束]

[2021-05-07T16:00:02.477] [INFO] infoLogger - 
[查询数据库日志信息开始]
  [SQL]: SELECT * FROM files_info WHERE id = ?
  [SQLData]: 8397949b-83fa-4446-82ef-e09f2a3999be
[查询数据库日志信息结束]

[2021-05-07T16:00:02.530] [INFO] infoLogger - 
[响应日志信息开始]
  [responseEndTime]: 800579332092400
  [responseTotalTime]: 103.0471毫秒
  [responseData]: {"code":200,"message":"操作成功","data":{"id":"93bc3561-7b01-47a9-8970-0403764f2901","userName":"小小","phone":"15820290007","sex":0,"birthday":null,"address":null,"professional":null,"headImg":{"id":"8397949b-83fa-4446-82ef-e09f2a3999be","fileName":"timg.jpg","fileSize":12173,"createTime":"2021-03-08 14:41:37","suffix":"jpg","filePath":"http://localhost:3000/files/55268270-7fd9-11eb-ad4e-530e657b08cb.jpg?vt=9avWNe+L065qYdHh32XIkg==&si=Xq5EgjVDiOtLIc5GhjooVPHTAbtEoXyfbL2E/9EWrt9LIZQivr0TCXi16TDIQnDa"},"openid":"oZ9dO5Pi46v3m0AJj6vGXxwPmqsQ","updateTime":"2021-03-10 11:15:35","createTime":"2021-03-08 09:49:49"},"total":0}
[响应日志信息结束]
******************** 接口响应结束 441 ********************

[2021-05-07T16:00:03.213] [INFO] infoLogger - 
==================== 接口请求开始 442 ====================
[请求日志信息开始]
  [requestStartTime]: 800580015833400,
  [requestOriginalUrl]: /pc/users/info/self,
  [requestIP]: ::1,
  [requestUserInfo]: {"id":"93bc3561-7b01-47a9-8970-0403764f2901","phone":"15820290007","openid":null,"terminal":"PC","delayTime":null,"userAgent":"PostmanRuntime/7.26.8","iat":1620360380,"exp":1620446780},
  [requestAPI]: /pc/users/info/self,
  [requestMethod]: GET,
  [requestParameters]: {"body":{},"query":{},"path":{},"header":{"authorization":"Basic ZXlKaGJHY2lPaUpJVXpJMU5pSXNJblI1Y0NJNklrcFhWQ0o5LmV5SnBaQ0k2SWprelltTXpOVFl4TFRkaU1ERXRORGRoT1MwNE9UY3dMVEEwTURNM05qUm1Namt3TVNJc0luQm9iMjVsSWpvaU1UVTRNakF5T1RBd01EY2lMQ0p2Y0dWdWFXUWlPbTUxYkd3c0luUmxjbTFwYm1Gc0lqb2lVRU1pTENKa1pXeGhlVlJwYldVaU9tNTFiR3dzSW5WelpYSkJaMlZ1ZENJNklsQnZjM1J0WVc1U2RXNTBhVzFsTHpjdU1qWXVPQ0lzSW1saGRDSTZNVFl5TURNMk1ETTRNQ3dpWlhod0lqb3hOakl3TkRRMk56Z3dmUS5VblRRbFhoNERqVXR4OWoxOTlvWHozemtrMzBQbUIyaEVsQ3c5VG5WcjRrOg==","user-agent":"PostmanRuntime/7.26.8","accept":"*/*","postman-token":"3cb9e778-9592-4ba3-b0d6-6079741624b2","host":"localhost:3000","accept-encoding":"gzip, deflate, br","connection":"keep-alive"}}
[请求日志信息结束]

[2021-05-07T16:00:03.214] [INFO] infoLogger - 
[查询数据库日志信息开始]
  [SQL]: SELECT * FROM users_info WHERE id = ?
  [SQLData]: 93bc3561-7b01-47a9-8970-0403764f2901
[查询数据库日志信息结束]

[2021-05-07T16:00:03.241] [INFO] infoLogger - 
[查询数据库日志信息开始]
  [SQL]: SELECT * FROM files_info WHERE id = ?
  [SQLData]: 8397949b-83fa-4446-82ef-e09f2a3999be
[查询数据库日志信息结束]

[2021-05-07T16:00:03.266] [INFO] infoLogger - 
[响应日志信息开始]
  [responseEndTime]: 800580067975700
  [responseTotalTime]: 52.1423毫秒
  [responseData]: {"code":200,"message":"操作成功","data":{"id":"93bc3561-7b01-47a9-8970-0403764f2901","userName":"小小","phone":"15820290007","sex":0,"birthday":null,"address":null,"professional":null,"headImg":{"id":"8397949b-83fa-4446-82ef-e09f2a3999be","fileName":"timg.jpg","fileSize":12173,"createTime":"2021-03-08 14:41:37","suffix":"jpg","filePath":"http://localhost:3000/files/55268270-7fd9-11eb-ad4e-530e657b08cb.jpg?vt=xTY1r7hHfPWxGaXLdnnIpQ==&si=Xq5EgjVDiOtLIc5GhjooVPHTAbtEoXyfbL2E/9EWrt9LIZQivr0TCXi16TDIQnDa"},"openid":"oZ9dO5Pi46v3m0AJj6vGXxwPmqsQ","updateTime":"2021-03-10 11:15:35","createTime":"2021-03-08 09:49:49"},"total":0}
[响应日志信息结束]
******************** 接口响应结束 442 ********************

[2021-05-07T16:00:03.712] [INFO] infoLogger - 
==================== 接口请求开始 443 ====================
[请求日志信息开始]
  [requestStartTime]: 800580514742700,
  [requestOriginalUrl]: /pc/users/info/self,
  [requestIP]: ::1,
  [requestUserInfo]: {"id":"93bc3561-7b01-47a9-8970-0403764f2901","phone":"15820290007","openid":null,"terminal":"PC","delayTime":null,"userAgent":"PostmanRuntime/7.26.8","iat":1620360380,"exp":1620446780},
  [requestAPI]: /pc/users/info/self,
  [requestMethod]: GET,
  [requestParameters]: {"body":{},"query":{},"path":{},"header":{"authorization":"Basic ZXlKaGJHY2lPaUpJVXpJMU5pSXNJblI1Y0NJNklrcFhWQ0o5LmV5SnBaQ0k2SWprelltTXpOVFl4TFRkaU1ERXRORGRoT1MwNE9UY3dMVEEwTURNM05qUm1Namt3TVNJc0luQm9iMjVsSWpvaU1UVTRNakF5T1RBd01EY2lMQ0p2Y0dWdWFXUWlPbTUxYkd3c0luUmxjbTFwYm1Gc0lqb2lVRU1pTENKa1pXeGhlVlJwYldVaU9tNTFiR3dzSW5WelpYSkJaMlZ1ZENJNklsQnZjM1J0WVc1U2RXNTBhVzFsTHpjdU1qWXVPQ0lzSW1saGRDSTZNVFl5TURNMk1ETTRNQ3dpWlhod0lqb3hOakl3TkRRMk56Z3dmUS5VblRRbFhoNERqVXR4OWoxOTlvWHozemtrMzBQbUIyaEVsQ3c5VG5WcjRrOg==","user-agent":"PostmanRuntime/7.26.8","accept":"*/*","postman-token":"7567ce08-69e6-46ff-8b15-4e1c3f1e673c","host":"localhost:3000","accept-encoding":"gzip, deflate, br","connection":"keep-alive"}}
[请求日志信息结束]

[2021-05-07T16:00:03.712] [INFO] infoLogger - 
[查询数据库日志信息开始]
  [SQL]: SELECT * FROM users_info WHERE id = ?
  [SQLData]: 93bc3561-7b01-47a9-8970-0403764f2901
[查询数据库日志信息结束]

[2021-05-07T16:00:03.728] [INFO] infoLogger - 
[查询数据库日志信息开始]
  [SQL]: SELECT * FROM files_info WHERE id = ?
  [SQLData]: 8397949b-83fa-4446-82ef-e09f2a3999be
[查询数据库日志信息结束]

[2021-05-07T16:00:03.751] [INFO] infoLogger - 
[响应日志信息开始]
  [responseEndTime]: 800580553294000
  [responseTotalTime]: 38.5513毫秒
  [responseData]: {"code":200,"message":"操作成功","data":{"id":"93bc3561-7b01-47a9-8970-0403764f2901","userName":"小小","phone":"15820290007","sex":0,"birthday":null,"address":null,"professional":null,"headImg":{"id":"8397949b-83fa-4446-82ef-e09f2a3999be","fileName":"timg.jpg","fileSize":12173,"createTime":"2021-03-08 14:41:37","suffix":"jpg","filePath":"http://localhost:3000/files/55268270-7fd9-11eb-ad4e-530e657b08cb.jpg?vt=jY4an3tVZKFEJUoZIo7wmQ==&si=Xq5EgjVDiOtLIc5GhjooVPHTAbtEoXyfbL2E/9EWrt9LIZQivr0TCXi16TDIQnDa"},"openid":"oZ9dO5Pi46v3m0AJj6vGXxwPmqsQ","updateTime":"2021-03-10 11:15:35","createTime":"2021-03-08 09:49:49"},"total":0}
[响应日志信息结束]
******************** 接口响应结束 443 ********************

[2021-05-07T16:00:04.218] [INFO] infoLogger - 
==================== 接口请求开始 444 ====================
[请求日志信息开始]
  [requestStartTime]: 800581020860400,
  [requestOriginalUrl]: /pc/users/info/self,
  [requestIP]: ::1,
  [requestUserInfo]: {"id":"93bc3561-7b01-47a9-8970-0403764f2901","phone":"15820290007","openid":null,"terminal":"PC","delayTime":null,"userAgent":"PostmanRuntime/7.26.8","iat":1620360380,"exp":1620446780},
  [requestAPI]: /pc/users/info/self,
  [requestMethod]: GET,
  [requestParameters]: {"body":{},"query":{},"path":{},"header":{"authorization":"Basic ZXlKaGJHY2lPaUpJVXpJMU5pSXNJblI1Y0NJNklrcFhWQ0o5LmV5SnBaQ0k2SWprelltTXpOVFl4TFRkaU1ERXRORGRoT1MwNE9UY3dMVEEwTURNM05qUm1Namt3TVNJc0luQm9iMjVsSWpvaU1UVTRNakF5T1RBd01EY2lMQ0p2Y0dWdWFXUWlPbTUxYkd3c0luUmxjbTFwYm1Gc0lqb2lVRU1pTENKa1pXeGhlVlJwYldVaU9tNTFiR3dzSW5WelpYSkJaMlZ1ZENJNklsQnZjM1J0WVc1U2RXNTBhVzFsTHpjdU1qWXVPQ0lzSW1saGRDSTZNVFl5TURNMk1ETTRNQ3dpWlhod0lqb3hOakl3TkRRMk56Z3dmUS5VblRRbFhoNERqVXR4OWoxOTlvWHozemtrMzBQbUIyaEVsQ3c5VG5WcjRrOg==","user-agent":"PostmanRuntime/7.26.8","accept":"*/*","postman-token":"1fde5933-625d-4dcd-be61-6c81795c7152","host":"localhost:3000","accept-encoding":"gzip, deflate, br","connection":"keep-alive"}}
[请求日志信息结束]

[2021-05-07T16:00:04.218] [INFO] infoLogger - 
[查询数据库日志信息开始]
  [SQL]: SELECT * FROM users_info WHERE id = ?
  [SQLData]: 93bc3561-7b01-47a9-8970-0403764f2901
[查询数据库日志信息结束]

[2021-05-07T16:00:04.235] [INFO] infoLogger - 
[查询数据库日志信息开始]
  [SQL]: SELECT * FROM files_info WHERE id = ?
  [SQLData]: 8397949b-83fa-4446-82ef-e09f2a3999be
[查询数据库日志信息结束]

[2021-05-07T16:00:04.247] [INFO] infoLogger - 
[响应日志信息开始]
  [responseEndTime]: 800581049540500
  [responseTotalTime]: 28.6801毫秒
  [responseData]: {"code":200,"message":"操作成功","data":{"id":"93bc3561-7b01-47a9-8970-0403764f2901","userName":"小小","phone":"15820290007","sex":0,"birthday":null,"address":null,"professional":null,"headImg":{"id":"8397949b-83fa-4446-82ef-e09f2a3999be","fileName":"timg.jpg","fileSize":12173,"createTime":"2021-03-08 14:41:37","suffix":"jpg","filePath":"http://localhost:3000/files/55268270-7fd9-11eb-ad4e-530e657b08cb.jpg?vt=E84mXP0p3aoDdZ2MsTIlJw==&si=Xq5EgjVDiOtLIc5GhjooVPHTAbtEoXyfbL2E/9EWrt9LIZQivr0TCXi16TDIQnDa"},"openid":"oZ9dO5Pi46v3m0AJj6vGXxwPmqsQ","updateTime":"2021-03-10 11:15:35","createTime":"2021-03-08 09:49:49"},"total":0}
[响应日志信息结束]
******************** 接口响应结束 444 ********************

[2021-05-07T16:00:04.895] [INFO] infoLogger - 
==================== 接口请求开始 445 ====================
[请求日志信息开始]
  [requestStartTime]: 800581697536600,
  [requestOriginalUrl]: /pc/users/info/self,
  [requestIP]: ::1,
  [requestUserInfo]: {"id":"93bc3561-7b01-47a9-8970-0403764f2901","phone":"15820290007","openid":null,"terminal":"PC","delayTime":null,"userAgent":"PostmanRuntime/7.26.8","iat":1620360380,"exp":1620446780},
  [requestAPI]: /pc/users/info/self,
  [requestMethod]: GET,
  [requestParameters]: {"body":{},"query":{},"path":{},"header":{"authorization":"Basic ZXlKaGJHY2lPaUpJVXpJMU5pSXNJblI1Y0NJNklrcFhWQ0o5LmV5SnBaQ0k2SWprelltTXpOVFl4TFRkaU1ERXRORGRoT1MwNE9UY3dMVEEwTURNM05qUm1Namt3TVNJc0luQm9iMjVsSWpvaU1UVTRNakF5T1RBd01EY2lMQ0p2Y0dWdWFXUWlPbTUxYkd3c0luUmxjbTFwYm1Gc0lqb2lVRU1pTENKa1pXeGhlVlJwYldVaU9tNTFiR3dzSW5WelpYSkJaMlZ1ZENJNklsQnZjM1J0WVc1U2RXNTBhVzFsTHpjdU1qWXVPQ0lzSW1saGRDSTZNVFl5TURNMk1ETTRNQ3dpWlhod0lqb3hOakl3TkRRMk56Z3dmUS5VblRRbFhoNERqVXR4OWoxOTlvWHozemtrMzBQbUIyaEVsQ3c5VG5WcjRrOg==","user-agent":"PostmanRuntime/7.26.8","accept":"*/*","postman-token":"81a9c782-98d3-4dc0-be84-6314d7fc88bf","host":"localhost:3000","accept-encoding":"gzip, deflate, br","connection":"keep-alive"}}
[请求日志信息结束]

[2021-05-07T16:00:04.895] [INFO] infoLogger - 
[查询数据库日志信息开始]
  [SQL]: SELECT * FROM users_info WHERE id = ?
  [SQLData]: 93bc3561-7b01-47a9-8970-0403764f2901
[查询数据库日志信息结束]

[2021-05-07T16:00:04.915] [INFO] infoLogger - 
[查询数据库日志信息开始]
  [SQL]: SELECT * FROM files_info WHERE id = ?
  [SQLData]: 8397949b-83fa-4446-82ef-e09f2a3999be
[查询数据库日志信息结束]

[2021-05-07T16:00:04.931] [INFO] infoLogger - 
[响应日志信息开始]
  [responseEndTime]: 800581733631500
  [responseTotalTime]: 36.0949毫秒
  [responseData]: {"code":200,"message":"操作成功","data":{"id":"93bc3561-7b01-47a9-8970-0403764f2901","userName":"小小","phone":"15820290007","sex":0,"birthday":null,"address":null,"professional":null,"headImg":{"id":"8397949b-83fa-4446-82ef-e09f2a3999be","fileName":"timg.jpg","fileSize":12173,"createTime":"2021-03-08 14:41:37","suffix":"jpg","filePath":"http://localhost:3000/files/55268270-7fd9-11eb-ad4e-530e657b08cb.jpg?vt=PJRd7iFbvQ2fOX8x11Ubig==&si=Xq5EgjVDiOtLIc5GhjooVPHTAbtEoXyfbL2E/9EWrt9LIZQivr0TCXi16TDIQnDa"},"openid":"oZ9dO5Pi46v3m0AJj6vGXxwPmqsQ","updateTime":"2021-03-10 11:15:35","createTime":"2021-03-08 09:49:49"},"total":0}
[响应日志信息结束]
******************** 接口响应结束 445 ********************

[2021-05-07T16:00:05.336] [INFO] infoLogger - 
==================== 接口请求开始 446 ====================
[请求日志信息开始]
  [requestStartTime]: 800582138579500,
  [requestOriginalUrl]: /pc/users/info/self,
  [requestIP]: ::1,
  [requestUserInfo]: {"id":"93bc3561-7b01-47a9-8970-0403764f2901","phone":"15820290007","openid":null,"terminal":"PC","delayTime":null,"userAgent":"PostmanRuntime/7.26.8","iat":1620360380,"exp":1620446780},
  [requestAPI]: /pc/users/info/self,
  [requestMethod]: GET,
  [requestParameters]: {"body":{},"query":{},"path":{},"header":{"authorization":"Basic ZXlKaGJHY2lPaUpJVXpJMU5pSXNJblI1Y0NJNklrcFhWQ0o5LmV5SnBaQ0k2SWprelltTXpOVFl4TFRkaU1ERXRORGRoT1MwNE9UY3dMVEEwTURNM05qUm1Namt3TVNJc0luQm9iMjVsSWpvaU1UVTRNakF5T1RBd01EY2lMQ0p2Y0dWdWFXUWlPbTUxYkd3c0luUmxjbTFwYm1Gc0lqb2lVRU1pTENKa1pXeGhlVlJwYldVaU9tNTFiR3dzSW5WelpYSkJaMlZ1ZENJNklsQnZjM1J0WVc1U2RXNTBhVzFsTHpjdU1qWXVPQ0lzSW1saGRDSTZNVFl5TURNMk1ETTRNQ3dpWlhod0lqb3hOakl3TkRRMk56Z3dmUS5VblRRbFhoNERqVXR4OWoxOTlvWHozemtrMzBQbUIyaEVsQ3c5VG5WcjRrOg==","user-agent":"PostmanRuntime/7.26.8","accept":"*/*","postman-token":"21a79510-747b-4e63-969d-a05d582480b8","host":"localhost:3000","accept-encoding":"gzip, deflate, br","connection":"keep-alive"}}
[请求日志信息结束]

[2021-05-07T16:00:05.336] [INFO] infoLogger - 
[查询数据库日志信息开始]
  [SQL]: SELECT * FROM users_info WHERE id = ?
  [SQLData]: 93bc3561-7b01-47a9-8970-0403764f2901
[查询数据库日志信息结束]

[2021-05-07T16:00:05.350] [INFO] infoLogger - 
[查询数据库日志信息开始]
  [SQL]: SELECT * FROM files_info WHERE id = ?
  [SQLData]: 8397949b-83fa-4446-82ef-e09f2a3999be
[查询数据库日志信息结束]

[2021-05-07T16:00:05.369] [INFO] infoLogger - 
[响应日志信息开始]
  [responseEndTime]: 800582171887700
  [responseTotalTime]: 33.3082毫秒
  [responseData]: {"code":200,"message":"操作成功","data":{"id":"93bc3561-7b01-47a9-8970-0403764f2901","userName":"小小","phone":"15820290007","sex":0,"birthday":null,"address":null,"professional":null,"headImg":{"id":"8397949b-83fa-4446-82ef-e09f2a3999be","fileName":"timg.jpg","fileSize":12173,"createTime":"2021-03-08 14:41:37","suffix":"jpg","filePath":"http://localhost:3000/files/55268270-7fd9-11eb-ad4e-530e657b08cb.jpg?vt=NKJoukMls9t+7eWD6MwdaA==&si=Xq5EgjVDiOtLIc5GhjooVPHTAbtEoXyfbL2E/9EWrt9LIZQivr0TCXi16TDIQnDa"},"openid":"oZ9dO5Pi46v3m0AJj6vGXxwPmqsQ","updateTime":"2021-03-10 11:15:35","createTime":"2021-03-08 09:49:49"},"total":0}
[响应日志信息结束]
******************** 接口响应结束 446 ********************

[2021-05-07T16:00:05.868] [INFO] infoLogger - 
==================== 接口请求开始 447 ====================
[请求日志信息开始]
  [requestStartTime]: 800582670044200,
  [requestOriginalUrl]: /pc/users/info/self,
  [requestIP]: ::1,
  [requestUserInfo]: {"id":"93bc3561-7b01-47a9-8970-0403764f2901","phone":"15820290007","openid":null,"terminal":"PC","delayTime":null,"userAgent":"PostmanRuntime/7.26.8","iat":1620360380,"exp":1620446780},
  [requestAPI]: /pc/users/info/self,
  [requestMethod]: GET,
  [requestParameters]: {"body":{},"query":{},"path":{},"header":{"authorization":"Basic ZXlKaGJHY2lPaUpJVXpJMU5pSXNJblI1Y0NJNklrcFhWQ0o5LmV5SnBaQ0k2SWprelltTXpOVFl4TFRkaU1ERXRORGRoT1MwNE9UY3dMVEEwTURNM05qUm1Namt3TVNJc0luQm9iMjVsSWpvaU1UVTRNakF5T1RBd01EY2lMQ0p2Y0dWdWFXUWlPbTUxYkd3c0luUmxjbTFwYm1Gc0lqb2lVRU1pTENKa1pXeGhlVlJwYldVaU9tNTFiR3dzSW5WelpYSkJaMlZ1ZENJNklsQnZjM1J0WVc1U2RXNTBhVzFsTHpjdU1qWXVPQ0lzSW1saGRDSTZNVFl5TURNMk1ETTRNQ3dpWlhod0lqb3hOakl3TkRRMk56Z3dmUS5VblRRbFhoNERqVXR4OWoxOTlvWHozemtrMzBQbUIyaEVsQ3c5VG5WcjRrOg==","user-agent":"PostmanRuntime/7.26.8","accept":"*/*","postman-token":"d2d470b5-8518-408b-8595-02261a7a7883","host":"localhost:3000","accept-encoding":"gzip, deflate, br","connection":"keep-alive"}}
[请求日志信息结束]

[2021-05-07T16:00:05.868] [INFO] infoLogger - 
[查询数据库日志信息开始]
  [SQL]: SELECT * FROM users_info WHERE id = ?
  [SQLData]: 93bc3561-7b01-47a9-8970-0403764f2901
[查询数据库日志信息结束]

[2021-05-07T16:00:05.887] [INFO] infoLogger - 
[查询数据库日志信息开始]
  [SQL]: SELECT * FROM files_info WHERE id = ?
  [SQLData]: 8397949b-83fa-4446-82ef-e09f2a3999be
[查询数据库日志信息结束]

[2021-05-07T16:00:05.902] [INFO] infoLogger - 
[响应日志信息开始]
  [responseEndTime]: 800582704702200
  [responseTotalTime]: 34.658毫秒
  [responseData]: {"code":200,"message":"操作成功","data":{"id":"93bc3561-7b01-47a9-8970-0403764f2901","userName":"小小","phone":"15820290007","sex":0,"birthday":null,"address":null,"professional":null,"headImg":{"id":"8397949b-83fa-4446-82ef-e09f2a3999be","fileName":"timg.jpg","fileSize":12173,"createTime":"2021-03-08 14:41:37","suffix":"jpg","filePath":"http://localhost:3000/files/55268270-7fd9-11eb-ad4e-530e657b08cb.jpg?vt=gLy2lJ0gC8OV8pCYZNj+8A==&si=Xq5EgjVDiOtLIc5GhjooVPHTAbtEoXyfbL2E/9EWrt9LIZQivr0TCXi16TDIQnDa"},"openid":"oZ9dO5Pi46v3m0AJj6vGXxwPmqsQ","updateTime":"2021-03-10 11:15:35","createTime":"2021-03-08 09:49:49"},"total":0}
[响应日志信息结束]
******************** 接口响应结束 447 ********************

[2021-05-07T16:00:06.371] [INFO] infoLogger - 
==================== 接口请求开始 448 ====================
[请求日志信息开始]
  [requestStartTime]: 800583173217700,
  [requestOriginalUrl]: /pc/users/info/self,
  [requestIP]: ::1,
  [requestUserInfo]: {"id":"93bc3561-7b01-47a9-8970-0403764f2901","phone":"15820290007","openid":null,"terminal":"PC","delayTime":null,"userAgent":"PostmanRuntime/7.26.8","iat":1620360380,"exp":1620446780},
  [requestAPI]: /pc/users/info/self,
  [requestMethod]: GET,
  [requestParameters]: {"body":{},"query":{},"path":{},"header":{"authorization":"Basic ZXlKaGJHY2lPaUpJVXpJMU5pSXNJblI1Y0NJNklrcFhWQ0o5LmV5SnBaQ0k2SWprelltTXpOVFl4TFRkaU1ERXRORGRoT1MwNE9UY3dMVEEwTURNM05qUm1Namt3TVNJc0luQm9iMjVsSWpvaU1UVTRNakF5T1RBd01EY2lMQ0p2Y0dWdWFXUWlPbTUxYkd3c0luUmxjbTFwYm1Gc0lqb2lVRU1pTENKa1pXeGhlVlJwYldVaU9tNTFiR3dzSW5WelpYSkJaMlZ1ZENJNklsQnZjM1J0WVc1U2RXNTBhVzFsTHpjdU1qWXVPQ0lzSW1saGRDSTZNVFl5TURNMk1ETTRNQ3dpWlhod0lqb3hOakl3TkRRMk56Z3dmUS5VblRRbFhoNERqVXR4OWoxOTlvWHozemtrMzBQbUIyaEVsQ3c5VG5WcjRrOg==","user-agent":"PostmanRuntime/7.26.8","accept":"*/*","postman-token":"736ca642-59f4-4651-9a79-83d40a23c9f8","host":"localhost:3000","accept-encoding":"gzip, deflate, br","connection":"keep-alive"}}
[请求日志信息结束]

[2021-05-07T16:00:06.371] [INFO] infoLogger - 
[查询数据库日志信息开始]
  [SQL]: SELECT * FROM users_info WHERE id = ?
  [SQLData]: 93bc3561-7b01-47a9-8970-0403764f2901
[查询数据库日志信息结束]

[2021-05-07T16:00:06.382] [INFO] infoLogger - 
[查询数据库日志信息开始]
  [SQL]: SELECT * FROM files_info WHERE id = ?
  [SQLData]: 8397949b-83fa-4446-82ef-e09f2a3999be
[查询数据库日志信息结束]

[2021-05-07T16:00:06.398] [INFO] infoLogger - 
[响应日志信息开始]
  [responseEndTime]: 800583200335200
  [responseTotalTime]: 27.1175毫秒
  [responseData]: {"code":200,"message":"操作成功","data":{"id":"93bc3561-7b01-47a9-8970-0403764f2901","userName":"小小","phone":"15820290007","sex":0,"birthday":null,"address":null,"professional":null,"headImg":{"id":"8397949b-83fa-4446-82ef-e09f2a3999be","fileName":"timg.jpg","fileSize":12173,"createTime":"2021-03-08 14:41:37","suffix":"jpg","filePath":"http://localhost:3000/files/55268270-7fd9-11eb-ad4e-530e657b08cb.jpg?vt=iZXBkz+cp8yOeDqdVwfB5Q==&si=Xq5EgjVDiOtLIc5GhjooVPHTAbtEoXyfbL2E/9EWrt9LIZQivr0TCXi16TDIQnDa"},"openid":"oZ9dO5Pi46v3m0AJj6vGXxwPmqsQ","updateTime":"2021-03-10 11:15:35","createTime":"2021-03-08 09:49:49"},"total":0}
[响应日志信息结束]
******************** 接口响应结束 448 ********************

[2021-05-07T16:00:07.162] [INFO] infoLogger - 
==================== 接口请求开始 449 ====================
[请求日志信息开始]
  [requestStartTime]: 800583964216100,
  [requestOriginalUrl]: /pc/users/info/self,
  [requestIP]: ::1,
  [requestUserInfo]: {"id":"93bc3561-7b01-47a9-8970-0403764f2901","phone":"15820290007","openid":null,"terminal":"PC","delayTime":null,"userAgent":"PostmanRuntime/7.26.8","iat":1620360380,"exp":1620446780},
  [requestAPI]: /pc/users/info/self,
  [requestMethod]: GET,
  [requestParameters]: {"body":{},"query":{},"path":{},"header":{"authorization":"Basic ZXlKaGJHY2lPaUpJVXpJMU5pSXNJblI1Y0NJNklrcFhWQ0o5LmV5SnBaQ0k2SWprelltTXpOVFl4TFRkaU1ERXRORGRoT1MwNE9UY3dMVEEwTURNM05qUm1Namt3TVNJc0luQm9iMjVsSWpvaU1UVTRNakF5T1RBd01EY2lMQ0p2Y0dWdWFXUWlPbTUxYkd3c0luUmxjbTFwYm1Gc0lqb2lVRU1pTENKa1pXeGhlVlJwYldVaU9tNTFiR3dzSW5WelpYSkJaMlZ1ZENJNklsQnZjM1J0WVc1U2RXNTBhVzFsTHpjdU1qWXVPQ0lzSW1saGRDSTZNVFl5TURNMk1ETTRNQ3dpWlhod0lqb3hOakl3TkRRMk56Z3dmUS5VblRRbFhoNERqVXR4OWoxOTlvWHozemtrMzBQbUIyaEVsQ3c5VG5WcjRrOg==","user-agent":"PostmanRuntime/7.26.8","accept":"*/*","postman-token":"8250389f-48c1-4820-89c2-27d08939482e","host":"localhost:3000","accept-encoding":"gzip, deflate, br","connection":"keep-alive"}}
[请求日志信息结束]

[2021-05-07T16:00:07.162] [INFO] infoLogger - 
[查询数据库日志信息开始]
  [SQL]: SELECT * FROM users_info WHERE id = ?
  [SQLData]: 93bc3561-7b01-47a9-8970-0403764f2901
[查询数据库日志信息结束]

[2021-05-07T16:00:07.188] [INFO] infoLogger - 
[查询数据库日志信息开始]
  [SQL]: SELECT * FROM files_info WHERE id = ?
  [SQLData]: 8397949b-83fa-4446-82ef-e09f2a3999be
[查询数据库日志信息结束]

[2021-05-07T16:00:07.205] [INFO] infoLogger - 
[响应日志信息开始]
  [responseEndTime]: 800584008157800
  [responseTotalTime]: 43.9417毫秒
  [responseData]: {"code":200,"message":"操作成功","data":{"id":"93bc3561-7b01-47a9-8970-0403764f2901","userName":"小小","phone":"15820290007","sex":0,"birthday":null,"address":null,"professional":null,"headImg":{"id":"8397949b-83fa-4446-82ef-e09f2a3999be","fileName":"timg.jpg","fileSize":12173,"createTime":"2021-03-08 14:41:37","suffix":"jpg","filePath":"http://localhost:3000/files/55268270-7fd9-11eb-ad4e-530e657b08cb.jpg?vt=9H8R6seRHJvooQ8t02R8Kg==&si=Xq5EgjVDiOtLIc5GhjooVPHTAbtEoXyfbL2E/9EWrt9LIZQivr0TCXi16TDIQnDa"},"openid":"oZ9dO5Pi46v3m0AJj6vGXxwPmqsQ","updateTime":"2021-03-10 11:15:35","createTime":"2021-03-08 09:49:49"},"total":0}
[响应日志信息结束]
******************** 接口响应结束 449 ********************

[2021-05-07T16:00:07.939] [INFO] infoLogger - 
==================== 接口请求开始 450 ====================
[请求日志信息开始]
  [requestStartTime]: 800584741645500,
  [requestOriginalUrl]: /pc/users/info/self,
  [requestIP]: ::1,
  [requestUserInfo]: {"id":"93bc3561-7b01-47a9-8970-0403764f2901","phone":"15820290007","openid":null,"terminal":"PC","delayTime":null,"userAgent":"PostmanRuntime/7.26.8","iat":1620360380,"exp":1620446780},
  [requestAPI]: /pc/users/info/self,
  [requestMethod]: GET,
  [requestParameters]: {"body":{},"query":{},"path":{},"header":{"authorization":"Basic ZXlKaGJHY2lPaUpJVXpJMU5pSXNJblI1Y0NJNklrcFhWQ0o5LmV5SnBaQ0k2SWprelltTXpOVFl4TFRkaU1ERXRORGRoT1MwNE9UY3dMVEEwTURNM05qUm1Namt3TVNJc0luQm9iMjVsSWpvaU1UVTRNakF5T1RBd01EY2lMQ0p2Y0dWdWFXUWlPbTUxYkd3c0luUmxjbTFwYm1Gc0lqb2lVRU1pTENKa1pXeGhlVlJwYldVaU9tNTFiR3dzSW5WelpYSkJaMlZ1ZENJNklsQnZjM1J0WVc1U2RXNTBhVzFsTHpjdU1qWXVPQ0lzSW1saGRDSTZNVFl5TURNMk1ETTRNQ3dpWlhod0lqb3hOakl3TkRRMk56Z3dmUS5VblRRbFhoNERqVXR4OWoxOTlvWHozemtrMzBQbUIyaEVsQ3c5VG5WcjRrOg==","user-agent":"PostmanRuntime/7.26.8","accept":"*/*","postman-token":"3d71e5de-ebfd-4b3f-92ba-0f73a5acdf5e","host":"localhost:3000","accept-encoding":"gzip, deflate, br","connection":"keep-alive"}}
[请求日志信息结束]

[2021-05-07T16:00:07.939] [INFO] infoLogger - 
[查询数据库日志信息开始]
  [SQL]: SELECT * FROM users_info WHERE id = ?
  [SQLData]: 93bc3561-7b01-47a9-8970-0403764f2901
[查询数据库日志信息结束]

[2021-05-07T16:00:07.950] [INFO] infoLogger - 
[查询数据库日志信息开始]
  [SQL]: SELECT * FROM files_info WHERE id = ?
  [SQLData]: 8397949b-83fa-4446-82ef-e09f2a3999be
[查询数据库日志信息结束]

[2021-05-07T16:00:07.963] [INFO] infoLogger - 
[响应日志信息开始]
  [responseEndTime]: 800584765342100
  [responseTotalTime]: 23.6966毫秒
  [responseData]: {"code":200,"message":"操作成功","data":{"id":"93bc3561-7b01-47a9-8970-0403764f2901","userName":"小小","phone":"15820290007","sex":0,"birthday":null,"address":null,"professional":null,"headImg":{"id":"8397949b-83fa-4446-82ef-e09f2a3999be","fileName":"timg.jpg","fileSize":12173,"createTime":"2021-03-08 14:41:37","suffix":"jpg","filePath":"http://localhost:3000/files/55268270-7fd9-11eb-ad4e-530e657b08cb.jpg?vt=Dfcgxzr411W8/fB6IwAk2w==&si=Xq5EgjVDiOtLIc5GhjooVPHTAbtEoXyfbL2E/9EWrt9LIZQivr0TCXi16TDIQnDa"},"openid":"oZ9dO5Pi46v3m0AJj6vGXxwPmqsQ","updateTime":"2021-03-10 11:15:35","createTime":"2021-03-08 09:49:49"},"total":0}
[响应日志信息结束]
******************** 接口响应结束 450 ********************

[2021-05-07T16:00:08.468] [INFO] infoLogger - 
==================== 接口请求开始 451 ====================
[请求日志信息开始]
  [requestStartTime]: 800585270698600,
  [requestOriginalUrl]: /pc/users/info/self,
  [requestIP]: ::1,
  [requestUserInfo]: {"id":"93bc3561-7b01-47a9-8970-0403764f2901","phone":"15820290007","openid":null,"terminal":"PC","delayTime":null,"userAgent":"PostmanRuntime/7.26.8","iat":1620360380,"exp":1620446780},
  [requestAPI]: /pc/users/info/self,
  [requestMethod]: GET,
  [requestParameters]: {"body":{},"query":{},"path":{},"header":{"authorization":"Basic ZXlKaGJHY2lPaUpJVXpJMU5pSXNJblI1Y0NJNklrcFhWQ0o5LmV5SnBaQ0k2SWprelltTXpOVFl4TFRkaU1ERXRORGRoT1MwNE9UY3dMVEEwTURNM05qUm1Namt3TVNJc0luQm9iMjVsSWpvaU1UVTRNakF5T1RBd01EY2lMQ0p2Y0dWdWFXUWlPbTUxYkd3c0luUmxjbTFwYm1Gc0lqb2lVRU1pTENKa1pXeGhlVlJwYldVaU9tNTFiR3dzSW5WelpYSkJaMlZ1ZENJNklsQnZjM1J0WVc1U2RXNTBhVzFsTHpjdU1qWXVPQ0lzSW1saGRDSTZNVFl5TURNMk1ETTRNQ3dpWlhod0lqb3hOakl3TkRRMk56Z3dmUS5VblRRbFhoNERqVXR4OWoxOTlvWHozemtrMzBQbUIyaEVsQ3c5VG5WcjRrOg==","user-agent":"PostmanRuntime/7.26.8","accept":"*/*","postman-token":"7a07bddc-38c8-4c70-98a0-f2de25c41e0a","host":"localhost:3000","accept-encoding":"gzip, deflate, br","connection":"keep-alive"}}
[请求日志信息结束]

[2021-05-07T16:00:08.468] [INFO] infoLogger - 
[查询数据库日志信息开始]
  [SQL]: SELECT * FROM users_info WHERE id = ?
  [SQLData]: 93bc3561-7b01-47a9-8970-0403764f2901
[查询数据库日志信息结束]

[2021-05-07T16:00:08.481] [INFO] infoLogger - 
[查询数据库日志信息开始]
  [SQL]: SELECT * FROM files_info WHERE id = ?
  [SQLData]: 8397949b-83fa-4446-82ef-e09f2a3999be
[查询数据库日志信息结束]

[2021-05-07T16:00:08.500] [INFO] infoLogger - 
[响应日志信息开始]
  [responseEndTime]: 800585302781100
  [responseTotalTime]: 32.0825毫秒
  [responseData]: {"code":200,"message":"操作成功","data":{"id":"93bc3561-7b01-47a9-8970-0403764f2901","userName":"小小","phone":"15820290007","sex":0,"birthday":null,"address":null,"professional":null,"headImg":{"id":"8397949b-83fa-4446-82ef-e09f2a3999be","fileName":"timg.jpg","fileSize":12173,"createTime":"2021-03-08 14:41:37","suffix":"jpg","filePath":"http://localhost:3000/files/55268270-7fd9-11eb-ad4e-530e657b08cb.jpg?vt=rDT93A/PcQv8CavRHIw9ZA==&si=Xq5EgjVDiOtLIc5GhjooVPHTAbtEoXyfbL2E/9EWrt9LIZQivr0TCXi16TDIQnDa"},"openid":"oZ9dO5Pi46v3m0AJj6vGXxwPmqsQ","updateTime":"2021-03-10 11:15:35","createTime":"2021-03-08 09:49:49"},"total":0}
[响应日志信息结束]
******************** 接口响应结束 451 ********************

[2021-05-07T16:00:09.141] [INFO] infoLogger - 
==================== 接口请求开始 452 ====================
[请求日志信息开始]
  [requestStartTime]: 800585944058400,
  [requestOriginalUrl]: /pc/users/info/self,
  [requestIP]: ::1,
  [requestUserInfo]: {"id":"93bc3561-7b01-47a9-8970-0403764f2901","phone":"15820290007","openid":null,"terminal":"PC","delayTime":null,"userAgent":"PostmanRuntime/7.26.8","iat":1620360380,"exp":1620446780},
  [requestAPI]: /pc/users/info/self,
  [requestMethod]: GET,
  [requestParameters]: {"body":{},"query":{},"path":{},"header":{"authorization":"Basic ZXlKaGJHY2lPaUpJVXpJMU5pSXNJblI1Y0NJNklrcFhWQ0o5LmV5SnBaQ0k2SWprelltTXpOVFl4TFRkaU1ERXRORGRoT1MwNE9UY3dMVEEwTURNM05qUm1Namt3TVNJc0luQm9iMjVsSWpvaU1UVTRNakF5T1RBd01EY2lMQ0p2Y0dWdWFXUWlPbTUxYkd3c0luUmxjbTFwYm1Gc0lqb2lVRU1pTENKa1pXeGhlVlJwYldVaU9tNTFiR3dzSW5WelpYSkJaMlZ1ZENJNklsQnZjM1J0WVc1U2RXNTBhVzFsTHpjdU1qWXVPQ0lzSW1saGRDSTZNVFl5TURNMk1ETTRNQ3dpWlhod0lqb3hOakl3TkRRMk56Z3dmUS5VblRRbFhoNERqVXR4OWoxOTlvWHozemtrMzBQbUIyaEVsQ3c5VG5WcjRrOg==","user-agent":"PostmanRuntime/7.26.8","accept":"*/*","postman-token":"4af39e6d-b514-462e-b47b-6e5a6a0aa2e7","host":"localhost:3000","accept-encoding":"gzip, deflate, br","connection":"keep-alive"}}
[请求日志信息结束]

[2021-05-07T16:00:09.141] [INFO] infoLogger - 
[查询数据库日志信息开始]
  [SQL]: SELECT * FROM users_info WHERE id = ?
  [SQLData]: 93bc3561-7b01-47a9-8970-0403764f2901
[查询数据库日志信息结束]

[2021-05-07T16:00:09.164] [INFO] infoLogger - 
[查询数据库日志信息开始]
  [SQL]: SELECT * FROM files_info WHERE id = ?
  [SQLData]: 8397949b-83fa-4446-82ef-e09f2a3999be
[查询数据库日志信息结束]

[2021-05-07T16:00:09.185] [INFO] infoLogger - 
[响应日志信息开始]
  [responseEndTime]: 800585987303000
  [responseTotalTime]: 43.2446毫秒
  [responseData]: {"code":200,"message":"操作成功","data":{"id":"93bc3561-7b01-47a9-8970-0403764f2901","userName":"小小","phone":"15820290007","sex":0,"birthday":null,"address":null,"professional":null,"headImg":{"id":"8397949b-83fa-4446-82ef-e09f2a3999be","fileName":"timg.jpg","fileSize":12173,"createTime":"2021-03-08 14:41:37","suffix":"jpg","filePath":"http://localhost:3000/files/55268270-7fd9-11eb-ad4e-530e657b08cb.jpg?vt=tFTAQEts6z6u2+bMfrYLAg==&si=Xq5EgjVDiOtLIc5GhjooVPHTAbtEoXyfbL2E/9EWrt9LIZQivr0TCXi16TDIQnDa"},"openid":"oZ9dO5Pi46v3m0AJj6vGXxwPmqsQ","updateTime":"2021-03-10 11:15:35","createTime":"2021-03-08 09:49:49"},"total":0}
[响应日志信息结束]
******************** 接口响应结束 452 ********************

[2021-05-07T16:00:09.769] [INFO] infoLogger - 
==================== 接口请求开始 453 ====================
[请求日志信息开始]
  [requestStartTime]: 800586571558700,
  [requestOriginalUrl]: /pc/users/info/self,
  [requestIP]: ::1,
  [requestUserInfo]: {"id":"93bc3561-7b01-47a9-8970-0403764f2901","phone":"15820290007","openid":null,"terminal":"PC","delayTime":null,"userAgent":"PostmanRuntime/7.26.8","iat":1620360380,"exp":1620446780},
  [requestAPI]: /pc/users/info/self,
  [requestMethod]: GET,
  [requestParameters]: {"body":{},"query":{},"path":{},"header":{"authorization":"Basic ZXlKaGJHY2lPaUpJVXpJMU5pSXNJblI1Y0NJNklrcFhWQ0o5LmV5SnBaQ0k2SWprelltTXpOVFl4TFRkaU1ERXRORGRoT1MwNE9UY3dMVEEwTURNM05qUm1Namt3TVNJc0luQm9iMjVsSWpvaU1UVTRNakF5T1RBd01EY2lMQ0p2Y0dWdWFXUWlPbTUxYkd3c0luUmxjbTFwYm1Gc0lqb2lVRU1pTENKa1pXeGhlVlJwYldVaU9tNTFiR3dzSW5WelpYSkJaMlZ1ZENJNklsQnZjM1J0WVc1U2RXNTBhVzFsTHpjdU1qWXVPQ0lzSW1saGRDSTZNVFl5TURNMk1ETTRNQ3dpWlhod0lqb3hOakl3TkRRMk56Z3dmUS5VblRRbFhoNERqVXR4OWoxOTlvWHozemtrMzBQbUIyaEVsQ3c5VG5WcjRrOg==","user-agent":"PostmanRuntime/7.26.8","accept":"*/*","postman-token":"7ac5928e-e95a-42ae-a501-80fc9f129ecb","host":"localhost:3000","accept-encoding":"gzip, deflate, br","connection":"keep-alive"}}
[请求日志信息结束]

[2021-05-07T16:00:09.769] [INFO] infoLogger - 
[查询数据库日志信息开始]
  [SQL]: SELECT * FROM users_info WHERE id = ?
  [SQLData]: 93bc3561-7b01-47a9-8970-0403764f2901
[查询数据库日志信息结束]

[2021-05-07T16:00:09.787] [INFO] infoLogger - 
[查询数据库日志信息开始]
  [SQL]: SELECT * FROM files_info WHERE id = ?
  [SQLData]: 8397949b-83fa-4446-82ef-e09f2a3999be
[查询数据库日志信息结束]

[2021-05-07T16:00:09.804] [INFO] infoLogger - 
[响应日志信息开始]
  [responseEndTime]: 800586607020000
  [responseTotalTime]: 35.4613毫秒
  [responseData]: {"code":200,"message":"操作成功","data":{"id":"93bc3561-7b01-47a9-8970-0403764f2901","userName":"小小","phone":"15820290007","sex":0,"birthday":null,"address":null,"professional":null,"headImg":{"id":"8397949b-83fa-4446-82ef-e09f2a3999be","fileName":"timg.jpg","fileSize":12173,"createTime":"2021-03-08 14:41:37","suffix":"jpg","filePath":"http://localhost:3000/files/55268270-7fd9-11eb-ad4e-530e657b08cb.jpg?vt=0oNovD3CfIT7S7wF5MIcgw==&si=Xq5EgjVDiOtLIc5GhjooVPHTAbtEoXyfbL2E/9EWrt9LIZQivr0TCXi16TDIQnDa"},"openid":"oZ9dO5Pi46v3m0AJj6vGXxwPmqsQ","updateTime":"2021-03-10 11:15:35","createTime":"2021-03-08 09:49:49"},"total":0}
[响应日志信息结束]
******************** 接口响应结束 453 ********************

[2021-05-07T16:00:10.408] [INFO] infoLogger - 
==================== 接口请求开始 454 ====================
[请求日志信息开始]
  [requestStartTime]: 800587210721000,
  [requestOriginalUrl]: /pc/users/info/self,
  [requestIP]: ::1,
  [requestUserInfo]: {"id":"93bc3561-7b01-47a9-8970-0403764f2901","phone":"15820290007","openid":null,"terminal":"PC","delayTime":null,"userAgent":"PostmanRuntime/7.26.8","iat":1620360380,"exp":1620446780},
  [requestAPI]: /pc/users/info/self,
  [requestMethod]: GET,
  [requestParameters]: {"body":{},"query":{},"path":{},"header":{"authorization":"Basic ZXlKaGJHY2lPaUpJVXpJMU5pSXNJblI1Y0NJNklrcFhWQ0o5LmV5SnBaQ0k2SWprelltTXpOVFl4TFRkaU1ERXRORGRoT1MwNE9UY3dMVEEwTURNM05qUm1Namt3TVNJc0luQm9iMjVsSWpvaU1UVTRNakF5T1RBd01EY2lMQ0p2Y0dWdWFXUWlPbTUxYkd3c0luUmxjbTFwYm1Gc0lqb2lVRU1pTENKa1pXeGhlVlJwYldVaU9tNTFiR3dzSW5WelpYSkJaMlZ1ZENJNklsQnZjM1J0WVc1U2RXNTBhVzFsTHpjdU1qWXVPQ0lzSW1saGRDSTZNVFl5TURNMk1ETTRNQ3dpWlhod0lqb3hOakl3TkRRMk56Z3dmUS5VblRRbFhoNERqVXR4OWoxOTlvWHozemtrMzBQbUIyaEVsQ3c5VG5WcjRrOg==","user-agent":"PostmanRuntime/7.26.8","accept":"*/*","postman-token":"7aacbfa2-df1e-471f-9f11-8f4aeeabf1fc","host":"localhost:3000","accept-encoding":"gzip, deflate, br","connection":"keep-alive"}}
[请求日志信息结束]

[2021-05-07T16:00:10.409] [INFO] infoLogger - 
[查询数据库日志信息开始]
  [SQL]: SELECT * FROM users_info WHERE id = ?
  [SQLData]: 93bc3561-7b01-47a9-8970-0403764f2901
[查询数据库日志信息结束]

[2021-05-07T16:00:10.432] [INFO] infoLogger - 
[查询数据库日志信息开始]
  [SQL]: SELECT * FROM files_info WHERE id = ?
  [SQLData]: 8397949b-83fa-4446-82ef-e09f2a3999be
[查询数据库日志信息结束]

[2021-05-07T16:00:10.455] [INFO] infoLogger - 
[响应日志信息开始]
  [responseEndTime]: 800587257762400
  [responseTotalTime]: 47.0414毫秒
  [responseData]: {"code":200,"message":"操作成功","data":{"id":"93bc3561-7b01-47a9-8970-0403764f2901","userName":"小小","phone":"15820290007","sex":0,"birthday":null,"address":null,"professional":null,"headImg":{"id":"8397949b-83fa-4446-82ef-e09f2a3999be","fileName":"timg.jpg","fileSize":12173,"createTime":"2021-03-08 14:41:37","suffix":"jpg","filePath":"http://localhost:3000/files/55268270-7fd9-11eb-ad4e-530e657b08cb.jpg?vt=YHp9Nx7UTyAKtoGznx9heA==&si=Xq5EgjVDiOtLIc5GhjooVPHTAbtEoXyfbL2E/9EWrt9LIZQivr0TCXi16TDIQnDa"},"openid":"oZ9dO5Pi46v3m0AJj6vGXxwPmqsQ","updateTime":"2021-03-10 11:15:35","createTime":"2021-03-08 09:49:49"},"total":0}
[响应日志信息结束]
******************** 接口响应结束 454 ********************

[2021-05-07T16:00:11.085] [INFO] infoLogger - 
==================== 接口请求开始 455 ====================
[请求日志信息开始]
  [requestStartTime]: 800587887692100,
  [requestOriginalUrl]: /pc/users/info/self,
  [requestIP]: ::1,
  [requestUserInfo]: {"id":"93bc3561-7b01-47a9-8970-0403764f2901","phone":"15820290007","openid":null,"terminal":"PC","delayTime":null,"userAgent":"PostmanRuntime/7.26.8","iat":1620360380,"exp":1620446780},
  [requestAPI]: /pc/users/info/self,
  [requestMethod]: GET,
  [requestParameters]: {"body":{},"query":{},"path":{},"header":{"authorization":"Basic ZXlKaGJHY2lPaUpJVXpJMU5pSXNJblI1Y0NJNklrcFhWQ0o5LmV5SnBaQ0k2SWprelltTXpOVFl4TFRkaU1ERXRORGRoT1MwNE9UY3dMVEEwTURNM05qUm1Namt3TVNJc0luQm9iMjVsSWpvaU1UVTRNakF5T1RBd01EY2lMQ0p2Y0dWdWFXUWlPbTUxYkd3c0luUmxjbTFwYm1Gc0lqb2lVRU1pTENKa1pXeGhlVlJwYldVaU9tNTFiR3dzSW5WelpYSkJaMlZ1ZENJNklsQnZjM1J0WVc1U2RXNTBhVzFsTHpjdU1qWXVPQ0lzSW1saGRDSTZNVFl5TURNMk1ETTRNQ3dpWlhod0lqb3hOakl3TkRRMk56Z3dmUS5VblRRbFhoNERqVXR4OWoxOTlvWHozemtrMzBQbUIyaEVsQ3c5VG5WcjRrOg==","user-agent":"PostmanRuntime/7.26.8","accept":"*/*","postman-token":"ac9233f8-0c2c-450a-998d-af7c2ed04d58","host":"localhost:3000","accept-encoding":"gzip, deflate, br","connection":"keep-alive"}}
[请求日志信息结束]

[2021-05-07T16:00:11.085] [INFO] infoLogger - 
[查询数据库日志信息开始]
  [SQL]: SELECT * FROM users_info WHERE id = ?
  [SQLData]: 93bc3561-7b01-47a9-8970-0403764f2901
[查询数据库日志信息结束]

[2021-05-07T16:00:11.101] [INFO] infoLogger - 
[查询数据库日志信息开始]
  [SQL]: SELECT * FROM files_info WHERE id = ?
  [SQLData]: 8397949b-83fa-4446-82ef-e09f2a3999be
[查询数据库日志信息结束]

[2021-05-07T16:00:11.121] [INFO] infoLogger - 
[响应日志信息开始]
  [responseEndTime]: 800587923217200
  [responseTotalTime]: 35.5251毫秒
  [responseData]: {"code":200,"message":"操作成功","data":{"id":"93bc3561-7b01-47a9-8970-0403764f2901","userName":"小小","phone":"15820290007","sex":0,"birthday":null,"address":null,"professional":null,"headImg":{"id":"8397949b-83fa-4446-82ef-e09f2a3999be","fileName":"timg.jpg","fileSize":12173,"createTime":"2021-03-08 14:41:37","suffix":"jpg","filePath":"http://localhost:3000/files/55268270-7fd9-11eb-ad4e-530e657b08cb.jpg?vt=M3F/MvBbIJ3Kd0umNLqw3Q==&si=Xq5EgjVDiOtLIc5GhjooVPHTAbtEoXyfbL2E/9EWrt9LIZQivr0TCXi16TDIQnDa"},"openid":"oZ9dO5Pi46v3m0AJj6vGXxwPmqsQ","updateTime":"2021-03-10 11:15:35","createTime":"2021-03-08 09:49:49"},"total":0}
[响应日志信息结束]
******************** 接口响应结束 455 ********************

[2021-05-07T16:00:11.717] [INFO] infoLogger - 
==================== 接口请求开始 456 ====================
[请求日志信息开始]
  [requestStartTime]: 800588519468800,
  [requestOriginalUrl]: /pc/users/info/self,
  [requestIP]: ::1,
  [requestUserInfo]: {"id":"93bc3561-7b01-47a9-8970-0403764f2901","phone":"15820290007","openid":null,"terminal":"PC","delayTime":null,"userAgent":"PostmanRuntime/7.26.8","iat":1620360380,"exp":1620446780},
  [requestAPI]: /pc/users/info/self,
  [requestMethod]: GET,
  [requestParameters]: {"body":{},"query":{},"path":{},"header":{"authorization":"Basic ZXlKaGJHY2lPaUpJVXpJMU5pSXNJblI1Y0NJNklrcFhWQ0o5LmV5SnBaQ0k2SWprelltTXpOVFl4TFRkaU1ERXRORGRoT1MwNE9UY3dMVEEwTURNM05qUm1Namt3TVNJc0luQm9iMjVsSWpvaU1UVTRNakF5T1RBd01EY2lMQ0p2Y0dWdWFXUWlPbTUxYkd3c0luUmxjbTFwYm1Gc0lqb2lVRU1pTENKa1pXeGhlVlJwYldVaU9tNTFiR3dzSW5WelpYSkJaMlZ1ZENJNklsQnZjM1J0WVc1U2RXNTBhVzFsTHpjdU1qWXVPQ0lzSW1saGRDSTZNVFl5TURNMk1ETTRNQ3dpWlhod0lqb3hOakl3TkRRMk56Z3dmUS5VblRRbFhoNERqVXR4OWoxOTlvWHozemtrMzBQbUIyaEVsQ3c5VG5WcjRrOg==","user-agent":"PostmanRuntime/7.26.8","accept":"*/*","postman-token":"b9b03f35-caee-4ace-9e1e-83290a966eb2","host":"localhost:3000","accept-encoding":"gzip, deflate, br","connection":"keep-alive"}}
[请求日志信息结束]

[2021-05-07T16:00:11.717] [INFO] infoLogger - 
[查询数据库日志信息开始]
  [SQL]: SELECT * FROM users_info WHERE id = ?
  [SQLData]: 93bc3561-7b01-47a9-8970-0403764f2901
[查询数据库日志信息结束]

[2021-05-07T16:00:11.970] [INFO] infoLogger - 
[查询数据库日志信息开始]
  [SQL]: SELECT * FROM files_info WHERE id = ?
  [SQLData]: 8397949b-83fa-4446-82ef-e09f2a3999be
[查询数据库日志信息结束]

[2021-05-07T16:00:12.000] [INFO] infoLogger - 
[响应日志信息开始]
  [responseEndTime]: 800588802759400
  [responseTotalTime]: 283.2906毫秒
  [responseData]: {"code":200,"message":"操作成功","data":{"id":"93bc3561-7b01-47a9-8970-0403764f2901","userName":"小小","phone":"15820290007","sex":0,"birthday":null,"address":null,"professional":null,"headImg":{"id":"8397949b-83fa-4446-82ef-e09f2a3999be","fileName":"timg.jpg","fileSize":12173,"createTime":"2021-03-08 14:41:37","suffix":"jpg","filePath":"http://localhost:3000/files/55268270-7fd9-11eb-ad4e-530e657b08cb.jpg?vt=ACzDWC+MZ+/UtpjutqjzQQ==&si=Xq5EgjVDiOtLIc5GhjooVPHTAbtEoXyfbL2E/9EWrt9LIZQivr0TCXi16TDIQnDa"},"openid":"oZ9dO5Pi46v3m0AJj6vGXxwPmqsQ","updateTime":"2021-03-10 11:15:35","createTime":"2021-03-08 09:49:49"},"total":0}
[响应日志信息结束]
******************** 接口响应结束 456 ********************

[2021-05-07T16:00:12.668] [INFO] infoLogger - 
==================== 接口请求开始 457 ====================
[请求日志信息开始]
  [requestStartTime]: 800589470369500,
  [requestOriginalUrl]: /pc/users/info/self,
  [requestIP]: ::1,
  [requestUserInfo]: {"id":"93bc3561-7b01-47a9-8970-0403764f2901","phone":"15820290007","openid":null,"terminal":"PC","delayTime":null,"userAgent":"PostmanRuntime/7.26.8","iat":1620360380,"exp":1620446780},
  [requestAPI]: /pc/users/info/self,
  [requestMethod]: GET,
  [requestParameters]: {"body":{},"query":{},"path":{},"header":{"authorization":"Basic ZXlKaGJHY2lPaUpJVXpJMU5pSXNJblI1Y0NJNklrcFhWQ0o5LmV5SnBaQ0k2SWprelltTXpOVFl4TFRkaU1ERXRORGRoT1MwNE9UY3dMVEEwTURNM05qUm1Namt3TVNJc0luQm9iMjVsSWpvaU1UVTRNakF5T1RBd01EY2lMQ0p2Y0dWdWFXUWlPbTUxYkd3c0luUmxjbTFwYm1Gc0lqb2lVRU1pTENKa1pXeGhlVlJwYldVaU9tNTFiR3dzSW5WelpYSkJaMlZ1ZENJNklsQnZjM1J0WVc1U2RXNTBhVzFsTHpjdU1qWXVPQ0lzSW1saGRDSTZNVFl5TURNMk1ETTRNQ3dpWlhod0lqb3hOakl3TkRRMk56Z3dmUS5VblRRbFhoNERqVXR4OWoxOTlvWHozemtrMzBQbUIyaEVsQ3c5VG5WcjRrOg==","user-agent":"PostmanRuntime/7.26.8","accept":"*/*","postman-token":"14a11c78-7a74-45f8-8094-eab4da6c7dd5","host":"localhost:3000","accept-encoding":"gzip, deflate, br","connection":"keep-alive"}}
[请求日志信息结束]

[2021-05-07T16:00:12.669] [INFO] infoLogger - 
[查询数据库日志信息开始]
  [SQL]: SELECT * FROM users_info WHERE id = ?
  [SQLData]: 93bc3561-7b01-47a9-8970-0403764f2901
[查询数据库日志信息结束]

[2021-05-07T16:00:12.703] [INFO] infoLogger - 
[查询数据库日志信息开始]
  [SQL]: SELECT * FROM files_info WHERE id = ?
  [SQLData]: 8397949b-83fa-4446-82ef-e09f2a3999be
[查询数据库日志信息结束]

[2021-05-07T16:00:12.744] [INFO] infoLogger - 
[响应日志信息开始]
  [responseEndTime]: 800589546802800
  [responseTotalTime]: 76.4333毫秒
  [responseData]: {"code":200,"message":"操作成功","data":{"id":"93bc3561-7b01-47a9-8970-0403764f2901","userName":"小小","phone":"15820290007","sex":0,"birthday":null,"address":null,"professional":null,"headImg":{"id":"8397949b-83fa-4446-82ef-e09f2a3999be","fileName":"timg.jpg","fileSize":12173,"createTime":"2021-03-08 14:41:37","suffix":"jpg","filePath":"http://localhost:3000/files/55268270-7fd9-11eb-ad4e-530e657b08cb.jpg?vt=ye2mCvF0pblJtT9R66syjg==&si=Xq5EgjVDiOtLIc5GhjooVPHTAbtEoXyfbL2E/9EWrt9LIZQivr0TCXi16TDIQnDa"},"openid":"oZ9dO5Pi46v3m0AJj6vGXxwPmqsQ","updateTime":"2021-03-10 11:15:35","createTime":"2021-03-08 09:49:49"},"total":0}
[响应日志信息结束]
******************** 接口响应结束 457 ********************

[2021-05-07T16:00:13.560] [INFO] infoLogger - 
==================== 接口请求开始 458 ====================
[请求日志信息开始]
  [requestStartTime]: 800590362740300,
  [requestOriginalUrl]: /pc/users/info/self,
  [requestIP]: ::1,
  [requestUserInfo]: {"id":"93bc3561-7b01-47a9-8970-0403764f2901","phone":"15820290007","openid":null,"terminal":"PC","delayTime":null,"userAgent":"PostmanRuntime/7.26.8","iat":1620360380,"exp":1620446780},
  [requestAPI]: /pc/users/info/self,
  [requestMethod]: GET,
  [requestParameters]: {"body":{},"query":{},"path":{},"header":{"authorization":"Basic ZXlKaGJHY2lPaUpJVXpJMU5pSXNJblI1Y0NJNklrcFhWQ0o5LmV5SnBaQ0k2SWprelltTXpOVFl4TFRkaU1ERXRORGRoT1MwNE9UY3dMVEEwTURNM05qUm1Namt3TVNJc0luQm9iMjVsSWpvaU1UVTRNakF5T1RBd01EY2lMQ0p2Y0dWdWFXUWlPbTUxYkd3c0luUmxjbTFwYm1Gc0lqb2lVRU1pTENKa1pXeGhlVlJwYldVaU9tNTFiR3dzSW5WelpYSkJaMlZ1ZENJNklsQnZjM1J0WVc1U2RXNTBhVzFsTHpjdU1qWXVPQ0lzSW1saGRDSTZNVFl5TURNMk1ETTRNQ3dpWlhod0lqb3hOakl3TkRRMk56Z3dmUS5VblRRbFhoNERqVXR4OWoxOTlvWHozemtrMzBQbUIyaEVsQ3c5VG5WcjRrOg==","user-agent":"PostmanRuntime/7.26.8","accept":"*/*","postman-token":"2fb623bf-154d-4dc4-9e09-0d09c94d4b4a","host":"localhost:3000","accept-encoding":"gzip, deflate, br","connection":"keep-alive"}}
[请求日志信息结束]

[2021-05-07T16:00:13.561] [INFO] infoLogger - 
[查询数据库日志信息开始]
  [SQL]: SELECT * FROM users_info WHERE id = ?
  [SQLData]: 93bc3561-7b01-47a9-8970-0403764f2901
[查询数据库日志信息结束]

[2021-05-07T16:00:13.591] [INFO] infoLogger - 
[查询数据库日志信息开始]
  [SQL]: SELECT * FROM files_info WHERE id = ?
  [SQLData]: 8397949b-83fa-4446-82ef-e09f2a3999be
[查询数据库日志信息结束]

[2021-05-07T16:00:13.624] [INFO] infoLogger - 
[响应日志信息开始]
  [responseEndTime]: 800590426984200
  [responseTotalTime]: 64.2439毫秒
  [responseData]: {"code":200,"message":"操作成功","data":{"id":"93bc3561-7b01-47a9-8970-0403764f2901","userName":"小小","phone":"15820290007","sex":0,"birthday":null,"address":null,"professional":null,"headImg":{"id":"8397949b-83fa-4446-82ef-e09f2a3999be","fileName":"timg.jpg","fileSize":12173,"createTime":"2021-03-08 14:41:37","suffix":"jpg","filePath":"http://localhost:3000/files/55268270-7fd9-11eb-ad4e-530e657b08cb.jpg?vt=6Y5mpyoABJTDw3TBnMzu4A==&si=Xq5EgjVDiOtLIc5GhjooVPHTAbtEoXyfbL2E/9EWrt9LIZQivr0TCXi16TDIQnDa"},"openid":"oZ9dO5Pi46v3m0AJj6vGXxwPmqsQ","updateTime":"2021-03-10 11:15:35","createTime":"2021-03-08 09:49:49"},"total":0}
[响应日志信息结束]
******************** 接口响应结束 458 ********************

